2024-02-05T16:52:37.221+02:00  INFO 15144 --- [restartedMain] c.e.C.CrudOperationApplication           : Starting CrudOperationApplication using Java 19.0.2 with PID 15144 (C:\Users\dell\Desktop\CrudOperation\target\classes started by dell in C:\Users\dell\Desktop\CrudOperation)
2024-02-05T16:52:37.226+02:00  INFO 15144 --- [restartedMain] c.e.C.CrudOperationApplication           : No active profile set, falling back to 1 default profile: "default"
2024-02-05T16:52:37.352+02:00  INFO 15144 --- [restartedMain] .e.DevToolsPropertyDefaultsPostProcessor : Devtools property defaults active! Set 'spring.devtools.add-properties' to 'false' to disable
2024-02-05T16:52:37.352+02:00  INFO 15144 --- [restartedMain] .e.DevToolsPropertyDefaultsPostProcessor : For additional web related logging consider setting the 'logging.level.web' property to 'DEBUG'
2024-02-05T16:52:39.594+02:00  INFO 15144 --- [restartedMain] .s.d.r.c.RepositoryConfigurationDelegate : Multiple Spring Data modules found, entering strict repository configuration mode
2024-02-05T16:52:39.598+02:00  INFO 15144 --- [restartedMain] .s.d.r.c.RepositoryConfigurationDelegate : Bootstrapping Spring Data JPA repositories in DEFAULT mode.
2024-02-05T16:52:39.996+02:00  INFO 15144 --- [restartedMain] .s.d.r.c.RepositoryConfigurationDelegate : Finished Spring Data repository scanning in 378 ms. Found 1 JPA repository interface.
2024-02-05T16:52:41.504+02:00  INFO 15144 --- [restartedMain] o.s.b.w.embedded.tomcat.TomcatWebServer  : Tomcat initialized with port(s): 8081 (http)
2024-02-05T16:52:41.528+02:00  INFO 15144 --- [restartedMain] o.apache.catalina.core.StandardService   : Starting service [Tomcat]
2024-02-05T16:52:41.528+02:00  INFO 15144 --- [restartedMain] o.apache.catalina.core.StandardEngine    : Starting Servlet engine: [Apache Tomcat/10.1.17]
2024-02-05T16:52:41.645+02:00  INFO 15144 --- [restartedMain] o.a.c.c.C.[Tomcat].[localhost].[/]       : Initializing Spring embedded WebApplicationContext
2024-02-05T16:52:41.646+02:00  INFO 15144 --- [restartedMain] w.s.c.ServletWebServerApplicationContext : Root WebApplicationContext: initialization completed in 4293 ms
2024-02-05T16:52:42.729+02:00  INFO 15144 --- [restartedMain] o.hibernate.jpa.internal.util.LogHelper  : HHH000204: Processing PersistenceUnitInfo [name: default]
2024-02-05T16:52:42.927+02:00  INFO 15144 --- [restartedMain] org.hibernate.Version                    : HHH000412: Hibernate ORM core version 6.2.17.Final
2024-02-05T16:52:42.933+02:00  INFO 15144 --- [restartedMain] org.hibernate.cfg.Environment            : HHH000406: Using bytecode reflection optimizer
2024-02-05T16:52:43.627+02:00  INFO 15144 --- [restartedMain] o.s.o.j.p.SpringPersistenceUnitInfo      : No LoadTimeWeaver setup: ignoring JPA class transformer
2024-02-05T16:52:43.733+02:00  INFO 15144 --- [restartedMain] com.zaxxer.hikari.HikariDataSource       : HikariPool-1 - Starting...
2024-02-05T16:52:45.098+02:00  INFO 15144 --- [restartedMain] com.zaxxer.hikari.pool.HikariPool        : HikariPool-1 - Added connection com.mysql.cj.jdbc.ConnectionImpl@6dd7aafb
2024-02-05T16:52:45.101+02:00  INFO 15144 --- [restartedMain] com.zaxxer.hikari.HikariDataSource       : HikariPool-1 - Start completed.
2024-02-05T16:52:47.232+02:00  INFO 15144 --- [restartedMain] o.h.e.t.j.p.i.JtaPlatformInitiator       : HHH000489: No JTA platform available (set 'hibernate.transaction.jta.platform' to enable JTA platform integration)
2024-02-05T16:52:47.390+02:00  INFO 15144 --- [restartedMain] j.LocalContainerEntityManagerFactoryBean : Initialized JPA EntityManagerFactory for persistence unit 'default'
2024-02-05T16:52:48.218+02:00  WARN 15144 --- [restartedMain] JpaBaseConfiguration$JpaWebConfiguration : spring.jpa.open-in-view is enabled by default. Therefore, database queries may be performed during view rendering. Explicitly configure spring.jpa.open-in-view to disable this warning
2024-02-05T16:52:49.220+02:00  INFO 15144 --- [restartedMain] o.s.b.d.a.OptionalLiveReloadServer       : LiveReload server is running on port 35729
2024-02-05T16:52:49.320+02:00  INFO 15144 --- [restartedMain] o.s.b.w.embedded.tomcat.TomcatWebServer  : Tomcat started on port(s): 8081 (http) with context path ''
2024-02-05T16:52:49.337+02:00  INFO 15144 --- [restartedMain] c.e.C.CrudOperationApplication           : Started CrudOperationApplication in 13.005 seconds (process running for 14.252)
2024-02-05T16:55:53.648+02:00  INFO 15144 --- [SpringApplicationShutdownHook] j.LocalContainerEntityManagerFactoryBean : Closing JPA EntityManagerFactory for persistence unit 'default'
2024-02-05T16:55:53.726+02:00  INFO 15144 --- [SpringApplicationShutdownHook] com.zaxxer.hikari.HikariDataSource       : HikariPool-1 - Shutdown initiated...
2024-02-05T16:55:53.809+02:00  INFO 15144 --- [SpringApplicationShutdownHook] com.zaxxer.hikari.HikariDataSource       : HikariPool-1 - Shutdown completed.
2024-02-05T16:56:00.163+02:00  INFO 7760 --- [restartedMain] c.e.C.CrudOperationApplication           : Starting CrudOperationApplication using Java 19.0.2 with PID 7760 (C:\Users\dell\Desktop\CrudOperation\target\classes started by dell in C:\Users\dell\Desktop\CrudOperation)
2024-02-05T16:56:00.167+02:00  INFO 7760 --- [restartedMain] c.e.C.CrudOperationApplication           : No active profile set, falling back to 1 default profile: "default"
2024-02-05T16:56:00.292+02:00  INFO 7760 --- [restartedMain] .e.DevToolsPropertyDefaultsPostProcessor : Devtools property defaults active! Set 'spring.devtools.add-properties' to 'false' to disable
2024-02-05T16:56:00.292+02:00  INFO 7760 --- [restartedMain] .e.DevToolsPropertyDefaultsPostProcessor : For additional web related logging consider setting the 'logging.level.web' property to 'DEBUG'
2024-02-05T16:56:02.260+02:00  INFO 7760 --- [restartedMain] .s.d.r.c.RepositoryConfigurationDelegate : Multiple Spring Data modules found, entering strict repository configuration mode
2024-02-05T16:56:02.263+02:00  INFO 7760 --- [restartedMain] .s.d.r.c.RepositoryConfigurationDelegate : Bootstrapping Spring Data JPA repositories in DEFAULT mode.
2024-02-05T16:56:02.631+02:00  INFO 7760 --- [restartedMain] .s.d.r.c.RepositoryConfigurationDelegate : Finished Spring Data repository scanning in 349 ms. Found 1 JPA repository interface.
2024-02-05T16:56:04.372+02:00  INFO 7760 --- [restartedMain] o.s.b.w.embedded.tomcat.TomcatWebServer  : Tomcat initialized with port(s): 8081 (http)
2024-02-05T16:56:04.404+02:00  INFO 7760 --- [restartedMain] o.apache.catalina.core.StandardService   : Starting service [Tomcat]
2024-02-05T16:56:04.405+02:00  INFO 7760 --- [restartedMain] o.apache.catalina.core.StandardEngine    : Starting Servlet engine: [Apache Tomcat/10.1.17]
2024-02-05T16:56:04.517+02:00  INFO 7760 --- [restartedMain] o.a.c.c.C.[Tomcat].[localhost].[/]       : Initializing Spring embedded WebApplicationContext
2024-02-05T16:56:04.517+02:00  INFO 7760 --- [restartedMain] w.s.c.ServletWebServerApplicationContext : Root WebApplicationContext: initialization completed in 4223 ms
2024-02-05T16:56:05.469+02:00  INFO 7760 --- [restartedMain] o.hibernate.jpa.internal.util.LogHelper  : HHH000204: Processing PersistenceUnitInfo [name: default]
2024-02-05T16:56:05.591+02:00  INFO 7760 --- [restartedMain] org.hibernate.Version                    : HHH000412: Hibernate ORM core version 6.2.17.Final
2024-02-05T16:56:05.595+02:00  INFO 7760 --- [restartedMain] org.hibernate.cfg.Environment            : HHH000406: Using bytecode reflection optimizer
2024-02-05T16:56:06.262+02:00  INFO 7760 --- [restartedMain] o.s.o.j.p.SpringPersistenceUnitInfo      : No LoadTimeWeaver setup: ignoring JPA class transformer
2024-02-05T16:56:06.315+02:00  INFO 7760 --- [restartedMain] com.zaxxer.hikari.HikariDataSource       : HikariPool-1 - Starting...
2024-02-05T16:56:07.053+02:00  INFO 7760 --- [restartedMain] com.zaxxer.hikari.pool.HikariPool        : HikariPool-1 - Added connection com.mysql.cj.jdbc.ConnectionImpl@58e4bc58
2024-02-05T16:56:07.055+02:00  INFO 7760 --- [restartedMain] com.zaxxer.hikari.HikariDataSource       : HikariPool-1 - Start completed.
2024-02-05T16:56:08.749+02:00  INFO 7760 --- [restartedMain] o.h.e.t.j.p.i.JtaPlatformInitiator       : HHH000489: No JTA platform available (set 'hibernate.transaction.jta.platform' to enable JTA platform integration)
2024-02-05T16:56:08.904+02:00  INFO 7760 --- [restartedMain] j.LocalContainerEntityManagerFactoryBean : Initialized JPA EntityManagerFactory for persistence unit 'default'
2024-02-05T16:56:09.650+02:00  WARN 7760 --- [restartedMain] JpaBaseConfiguration$JpaWebConfiguration : spring.jpa.open-in-view is enabled by default. Therefore, database queries may be performed during view rendering. Explicitly configure spring.jpa.open-in-view to disable this warning
2024-02-05T16:56:11.288+02:00  INFO 7760 --- [restartedMain] o.s.b.d.a.OptionalLiveReloadServer       : LiveReload server is running on port 35729
2024-02-05T16:56:11.384+02:00  INFO 7760 --- [restartedMain] o.s.b.w.embedded.tomcat.TomcatWebServer  : Tomcat started on port(s): 8081 (http) with context path ''
2024-02-05T16:56:11.409+02:00  INFO 7760 --- [restartedMain] c.e.C.CrudOperationApplication           : Started CrudOperationApplication in 12.211 seconds (process running for 13.41)
2024-02-05T16:59:12.572+02:00  INFO 7760 --- [SpringApplicationShutdownHook] j.LocalContainerEntityManagerFactoryBean : Closing JPA EntityManagerFactory for persistence unit 'default'
2024-02-05T16:59:12.602+02:00  INFO 7760 --- [SpringApplicationShutdownHook] com.zaxxer.hikari.HikariDataSource       : HikariPool-1 - Shutdown initiated...
2024-02-05T16:59:12.632+02:00  INFO 7760 --- [SpringApplicationShutdownHook] com.zaxxer.hikari.HikariDataSource       : HikariPool-1 - Shutdown completed.
2024-02-05T16:59:18.850+02:00  INFO 3716 --- [restartedMain] c.e.C.CrudOperationApplication           : Starting CrudOperationApplication using Java 19.0.2 with PID 3716 (C:\Users\dell\Desktop\CrudOperation\target\classes started by dell in C:\Users\dell\Desktop\CrudOperation)
2024-02-05T16:59:18.855+02:00  INFO 3716 --- [restartedMain] c.e.C.CrudOperationApplication           : No active profile set, falling back to 1 default profile: "default"
2024-02-05T16:59:18.998+02:00  INFO 3716 --- [restartedMain] .e.DevToolsPropertyDefaultsPostProcessor : Devtools property defaults active! Set 'spring.devtools.add-properties' to 'false' to disable
2024-02-05T16:59:18.998+02:00  INFO 3716 --- [restartedMain] .e.DevToolsPropertyDefaultsPostProcessor : For additional web related logging consider setting the 'logging.level.web' property to 'DEBUG'
2024-02-05T16:59:21.180+02:00  INFO 3716 --- [restartedMain] .s.d.r.c.RepositoryConfigurationDelegate : Multiple Spring Data modules found, entering strict repository configuration mode
2024-02-05T16:59:21.183+02:00  INFO 3716 --- [restartedMain] .s.d.r.c.RepositoryConfigurationDelegate : Bootstrapping Spring Data JPA repositories in DEFAULT mode.
2024-02-05T16:59:21.483+02:00  INFO 3716 --- [restartedMain] .s.d.r.c.RepositoryConfigurationDelegate : Finished Spring Data repository scanning in 287 ms. Found 1 JPA repository interface.
2024-02-05T16:59:22.914+02:00  INFO 3716 --- [restartedMain] o.s.b.w.embedded.tomcat.TomcatWebServer  : Tomcat initialized with port(s): 8081 (http)
2024-02-05T16:59:22.936+02:00  INFO 3716 --- [restartedMain] o.apache.catalina.core.StandardService   : Starting service [Tomcat]
2024-02-05T16:59:22.936+02:00  INFO 3716 --- [restartedMain] o.apache.catalina.core.StandardEngine    : Starting Servlet engine: [Apache Tomcat/10.1.17]
2024-02-05T16:59:23.036+02:00  INFO 3716 --- [restartedMain] o.a.c.c.C.[Tomcat].[localhost].[/]       : Initializing Spring embedded WebApplicationContext
2024-02-05T16:59:23.037+02:00  INFO 3716 --- [restartedMain] w.s.c.ServletWebServerApplicationContext : Root WebApplicationContext: initialization completed in 4037 ms
2024-02-05T16:59:24.007+02:00  INFO 3716 --- [restartedMain] o.hibernate.jpa.internal.util.LogHelper  : HHH000204: Processing PersistenceUnitInfo [name: default]
2024-02-05T16:59:24.139+02:00  INFO 3716 --- [restartedMain] org.hibernate.Version                    : HHH000412: Hibernate ORM core version 6.2.17.Final
2024-02-05T16:59:24.144+02:00  INFO 3716 --- [restartedMain] org.hibernate.cfg.Environment            : HHH000406: Using bytecode reflection optimizer
2024-02-05T16:59:24.907+02:00  INFO 3716 --- [restartedMain] o.s.o.j.p.SpringPersistenceUnitInfo      : No LoadTimeWeaver setup: ignoring JPA class transformer
2024-02-05T16:59:24.951+02:00  INFO 3716 --- [restartedMain] com.zaxxer.hikari.HikariDataSource       : HikariPool-1 - Starting...
2024-02-05T16:59:25.542+02:00  INFO 3716 --- [restartedMain] com.zaxxer.hikari.pool.HikariPool        : HikariPool-1 - Added connection com.mysql.cj.jdbc.ConnectionImpl@67244f19
2024-02-05T16:59:25.544+02:00  INFO 3716 --- [restartedMain] com.zaxxer.hikari.HikariDataSource       : HikariPool-1 - Start completed.
2024-02-05T16:59:26.961+02:00  INFO 3716 --- [restartedMain] o.h.e.t.j.p.i.JtaPlatformInitiator       : HHH000489: No JTA platform available (set 'hibernate.transaction.jta.platform' to enable JTA platform integration)
2024-02-05T16:59:27.111+02:00  INFO 3716 --- [restartedMain] j.LocalContainerEntityManagerFactoryBean : Initialized JPA EntityManagerFactory for persistence unit 'default'
2024-02-05T16:59:27.671+02:00  WARN 3716 --- [restartedMain] JpaBaseConfiguration$JpaWebConfiguration : spring.jpa.open-in-view is enabled by default. Therefore, database queries may be performed during view rendering. Explicitly configure spring.jpa.open-in-view to disable this warning
2024-02-05T16:59:28.837+02:00  INFO 3716 --- [restartedMain] o.s.b.d.a.OptionalLiveReloadServer       : LiveReload server is running on port 35729
2024-02-05T16:59:28.895+02:00  INFO 3716 --- [restartedMain] o.s.b.w.embedded.tomcat.TomcatWebServer  : Tomcat started on port(s): 8081 (http) with context path ''
2024-02-05T16:59:28.911+02:00  INFO 3716 --- [restartedMain] c.e.C.CrudOperationApplication           : Started CrudOperationApplication in 10.998 seconds (process running for 12.167)
2024-02-05T17:01:19.787+02:00  INFO 3716 --- [SpringApplicationShutdownHook] j.LocalContainerEntityManagerFactoryBean : Closing JPA EntityManagerFactory for persistence unit 'default'
2024-02-05T17:01:19.794+02:00  INFO 3716 --- [SpringApplicationShutdownHook] com.zaxxer.hikari.HikariDataSource       : HikariPool-1 - Shutdown initiated...
2024-02-05T17:01:19.807+02:00  INFO 3716 --- [SpringApplicationShutdownHook] com.zaxxer.hikari.HikariDataSource       : HikariPool-1 - Shutdown completed.
2024-02-05T17:01:25.102+02:00  INFO 5704 --- [restartedMain] c.e.C.CrudOperationApplication           : Starting CrudOperationApplication using Java 19.0.2 with PID 5704 (C:\Users\dell\Desktop\CrudOperation\target\classes started by dell in C:\Users\dell\Desktop\CrudOperation)
2024-02-05T17:01:25.106+02:00  INFO 5704 --- [restartedMain] c.e.C.CrudOperationApplication           : No active profile set, falling back to 1 default profile: "default"
2024-02-05T17:01:25.251+02:00  INFO 5704 --- [restartedMain] .e.DevToolsPropertyDefaultsPostProcessor : Devtools property defaults active! Set 'spring.devtools.add-properties' to 'false' to disable
2024-02-05T17:01:25.251+02:00  INFO 5704 --- [restartedMain] .e.DevToolsPropertyDefaultsPostProcessor : For additional web related logging consider setting the 'logging.level.web' property to 'DEBUG'
2024-02-05T17:01:27.052+02:00  INFO 5704 --- [restartedMain] .s.d.r.c.RepositoryConfigurationDelegate : Multiple Spring Data modules found, entering strict repository configuration mode
2024-02-05T17:01:27.055+02:00  INFO 5704 --- [restartedMain] .s.d.r.c.RepositoryConfigurationDelegate : Bootstrapping Spring Data JPA repositories in DEFAULT mode.
2024-02-05T17:01:27.453+02:00  INFO 5704 --- [restartedMain] .s.d.r.c.RepositoryConfigurationDelegate : Finished Spring Data repository scanning in 378 ms. Found 1 JPA repository interface.
2024-02-05T17:01:28.812+02:00  INFO 5704 --- [restartedMain] o.s.b.w.embedded.tomcat.TomcatWebServer  : Tomcat initialized with port(s): 8081 (http)
2024-02-05T17:01:28.835+02:00  INFO 5704 --- [restartedMain] o.apache.catalina.core.StandardService   : Starting service [Tomcat]
2024-02-05T17:01:28.835+02:00  INFO 5704 --- [restartedMain] o.apache.catalina.core.StandardEngine    : Starting Servlet engine: [Apache Tomcat/10.1.17]
2024-02-05T17:01:28.966+02:00  INFO 5704 --- [restartedMain] o.a.c.c.C.[Tomcat].[localhost].[/]       : Initializing Spring embedded WebApplicationContext
2024-02-05T17:01:28.966+02:00  INFO 5704 --- [restartedMain] w.s.c.ServletWebServerApplicationContext : Root WebApplicationContext: initialization completed in 3714 ms
2024-02-05T17:01:29.987+02:00  INFO 5704 --- [restartedMain] o.hibernate.jpa.internal.util.LogHelper  : HHH000204: Processing PersistenceUnitInfo [name: default]
2024-02-05T17:01:30.084+02:00  INFO 5704 --- [restartedMain] org.hibernate.Version                    : HHH000412: Hibernate ORM core version 6.2.17.Final
2024-02-05T17:01:30.086+02:00  INFO 5704 --- [restartedMain] org.hibernate.cfg.Environment            : HHH000406: Using bytecode reflection optimizer
2024-02-05T17:01:30.586+02:00  INFO 5704 --- [restartedMain] o.s.o.j.p.SpringPersistenceUnitInfo      : No LoadTimeWeaver setup: ignoring JPA class transformer
2024-02-05T17:01:30.640+02:00  INFO 5704 --- [restartedMain] com.zaxxer.hikari.HikariDataSource       : HikariPool-1 - Starting...
2024-02-05T17:01:31.215+02:00  INFO 5704 --- [restartedMain] com.zaxxer.hikari.pool.HikariPool        : HikariPool-1 - Added connection com.mysql.cj.jdbc.ConnectionImpl@4b21f17a
2024-02-05T17:01:31.218+02:00  INFO 5704 --- [restartedMain] com.zaxxer.hikari.HikariDataSource       : HikariPool-1 - Start completed.
2024-02-05T17:01:32.858+02:00  INFO 5704 --- [restartedMain] o.h.e.t.j.p.i.JtaPlatformInitiator       : HHH000489: No JTA platform available (set 'hibernate.transaction.jta.platform' to enable JTA platform integration)
2024-02-05T17:01:32.934+02:00  INFO 5704 --- [restartedMain] j.LocalContainerEntityManagerFactoryBean : Initialized JPA EntityManagerFactory for persistence unit 'default'
2024-02-05T17:01:33.427+02:00  WARN 5704 --- [restartedMain] JpaBaseConfiguration$JpaWebConfiguration : spring.jpa.open-in-view is enabled by default. Therefore, database queries may be performed during view rendering. Explicitly configure spring.jpa.open-in-view to disable this warning
2024-02-05T17:01:34.061+02:00  INFO 5704 --- [restartedMain] o.s.b.d.a.OptionalLiveReloadServer       : LiveReload server is running on port 35729
2024-02-05T17:01:34.117+02:00  INFO 5704 --- [restartedMain] o.s.b.w.embedded.tomcat.TomcatWebServer  : Tomcat started on port(s): 8081 (http) with context path ''
2024-02-05T17:01:34.132+02:00  INFO 5704 --- [restartedMain] c.e.C.CrudOperationApplication           : Started CrudOperationApplication in 9.926 seconds (process running for 11.042)
2024-02-05T17:03:17.782+02:00  INFO 5704 --- [SpringApplicationShutdownHook] j.LocalContainerEntityManagerFactoryBean : Closing JPA EntityManagerFactory for persistence unit 'default'
2024-02-05T17:03:17.791+02:00  INFO 5704 --- [SpringApplicationShutdownHook] com.zaxxer.hikari.HikariDataSource       : HikariPool-1 - Shutdown initiated...
2024-02-05T17:03:17.827+02:00  INFO 5704 --- [SpringApplicationShutdownHook] com.zaxxer.hikari.HikariDataSource       : HikariPool-1 - Shutdown completed.
